{
    "timestamp": "2025-03-20 17:08:52",
    "ip": "2001:67c:2f5c:2::14a",
    "user_agent": "unknown",
    "request_data": {
        "name": "test1",
        "surname": "test1",
        "email": "te***@gmail.com",
        "phone_code": "UA",
        "phone": "+380******12",
        "select_time": "Weekdays",
        "select_price": "$2000 - $4000",
        "ip": "194.4.68.207",
        "title": "Aven - Real Estate Responsive HTML5 Landing Page Template",
        "formId": "registrationForm1",
        "url": "https:\/\/zafaley.com\/",
        "geo": {
            "country": "Невідомо",
            "country_code": "XX",
            "city": "Невідомо",
            "region": "Невідомо",
            "ip": "194.4.68.207"
        }
    },
    "response_data": {
        "success": true,
        "redirectUrl": "\/thank-you.html",
        "message": "Дані успішно відправлені"
    },
    "success": true
}
---
{
    "timestamp": "2025-03-20 17:10:44",
    "ip": "2001:67c:2f5c:2::14a",
    "user_agent": "unknown",
    "request_data": {
        "name": "test2",
        "surname": "test2",
        "email": "te***@gmail.com",
        "phone_code": "UA",
        "phone": "+380******67",
        "select_time": "Weekdays",
        "select_price": "$2000 - $4000",
        "comments": "test TrafficDevils",
        "ip": "194.4.68.207",
        "title": "Aven - Real Estate Responsive HTML5 Landing Page Template",
        "formId": "registrationForm2",
        "url": "https:\/\/zafaley.com\/",
        "geo": {
            "country": "Невідомо",
            "country_code": "XX",
            "city": "Невідомо",
            "region": "Невідомо",
            "ip": "194.4.68.207"
        }
    },
    "response_data": {
        "success": true,
        "redirectUrl": "\/thank-you.html",
        "message": "Дані успішно відправлені"
    },
    "success": true
}
---
