{
    "timestamp": "2025-03-19 15:59:48",
    "ip": "::1",
    "user_agent": "Mozilla\/5.0 (Windows NT 10.0; Win64; x64) AppleWebKit\/537.36 (KHTML, like Gecko) Chrome\/134.0.0.0 Safari\/537.36",
    "request_data": {
        "name": "xbcgx",
        "surname": "xfgxfg",
        "email": "df***@gmai.com",
        "phone_code": "UA",
        "phone": "+380******61",
        "ip": "104.28.201.202",
        "title": "Aven - Real Estate Responsive HTML5 Landing Page Template",
        "formId": "registrationForm1",
        "url": "http:\/\/localhost\/test.com\/",
        "geo": {
            "country": "Ukraine",
            "country_code": "UA",
            "city": "Vinnytsia",
            "region": "Vinnytsia",
            "ip": "104.28.201.202"
        }
    },
    "response_data": {
        "success": true,
        "redirectUrl": "\/thank-you.html",
        "message": "Дані успішно відправлені"
    },
    "success": true
}
---
{
    "timestamp": "2025-03-19 16:12:07",
    "ip": "::1",
    "user_agent": "Mozilla\/5.0 (Windows NT 10.0; Win64; x64) AppleWebKit\/537.36 (KHTML, like Gecko) Chrome\/134.0.0.0 Safari\/537.36",
    "request_data": {
        "name": "xcvxvx",
        "surname": "cvbcb",
        "email": "cv***@gmail.com",
        "phone_code": "UA",
        "phone": "+380******61",
        "ip": "104.28.201.202",
        "title": "Aven - Real Estate Responsive HTML5 Landing Page Template",
        "formId": "registrationForm1",
        "url": "http:\/\/localhost\/test.com\/",
        "geo": {
            "country": "Ukraine",
            "country_code": "UA",
            "city": "Vinnytsia",
            "region": "Vinnytsia",
            "ip": "104.28.201.202"
        }
    },
    "response_data": {
        "success": true,
        "redirectUrl": "\/thank-you.html",
        "message": "Дані успішно відправлені"
    },
    "success": true
}
---
{
    "timestamp": "2025-03-19 16:19:06",
    "ip": "::1",
    "user_agent": "Mozilla\/5.0 (Windows NT 10.0; Win64; x64) AppleWebKit\/537.36 (KHTML, like Gecko) Chrome\/134.0.0.0 Safari\/537.36",
    "request_data": {
        "name": "test3",
        "surname": "test3",
        "email": "te***@gmail.com",
        "phone_code": "UA",
        "phone": "+380******61",
        "ip": "104.28.201.202",
        "title": "Aven - Real Estate Responsive HTML5 Landing Page Template",
        "formId": "registrationForm1",
        "url": "http:\/\/localhost\/test.com\/",
        "geo": {
            "country": "Ukraine",
            "country_code": "UA",
            "city": "Vinnytsia",
            "region": "Vinnytsia",
            "ip": "104.28.201.202"
        }
    },
    "response_data": {
        "success": true,
        "redirectUrl": "\/thank-you.html",
        "message": "Дані успішно відправлені"
    },
    "success": true
}
---
{
    "timestamp": "2025-03-19 16:22:00",
    "ip": "::1",
    "user_agent": "Mozilla\/5.0 (Windows NT 10.0; Win64; x64) AppleWebKit\/537.36 (KHTML, like Gecko) Chrome\/134.0.0.0 Safari\/537.36",
    "request_data": {
        "name": "test3",
        "surname": "test3",
        "email": "te***@gmail.com",
        "phone_code": "UA",
        "phone": "+380******62",
        "ip": "104.28.201.202",
        "title": "Aven - Real Estate Responsive HTML5 Landing Page Template",
        "formId": "registrationForm1",
        "url": "http:\/\/localhost\/test.com\/",
        "geo": {
            "country": "Ukraine",
            "country_code": "UA",
            "city": "Vinnytsia",
            "region": "Vinnytsia",
            "ip": "104.28.201.202"
        }
    },
    "response_data": {
        "success": true,
        "redirectUrl": "\/thank-you.html",
        "message": "Дані успішно відправлені"
    },
    "success": true
}
---
