[2025-03-20 17:08:52] Текущие права доступа:
[2025-03-20 17:08:52] Директория скрипта (/var/www/loweviu_com_usr/data/www/loweviu.com): 0755
[2025-03-20 17:08:52] Директория БД (/var/www/loweviu_com_usr/data/www/loweviu.com/database): 0775
[2025-03-20 17:08:52] PHP работает под пользователем: loweviu_com_usr
[2025-03-20 17:08:52] Создаем файл базы данных...
[2025-03-20 17:08:52] Файл базы данных создан успешно
[2025-03-20 17:08:52] PDO соединение успешно создано
[2025-03-20 17:08:52] Таблица users создана
[2025-03-20 17:10:44] Текущие права доступа:
[2025-03-20 17:10:44] Директория скрипта (/var/www/loweviu_com_usr/data/www/loweviu.com): 0755
[2025-03-20 17:10:44] Директория БД (/var/www/loweviu_com_usr/data/www/loweviu.com/database): 0775
[2025-03-20 17:10:44] PHP работает под пользователем: loweviu_com_usr
[2025-03-20 17:10:44] PDO соединение успешно создано
[2025-03-20 18:19:51] Текущие права доступа:
[2025-03-20 18:19:51] Директория скрипта (/var/www/loweviu_com_usr/data/www/loweviu.com): 0755
[2025-03-20 18:19:51] Директория БД (/var/www/loweviu_com_usr/data/www/loweviu.com/database): 0775
[2025-03-20 18:19:51] PHP работает под пользователем: loweviu_com_usr
[2025-03-20 18:19:51] PDO соединение успешно создано
[2025-03-20 18:20:50] Текущие права доступа:
[2025-03-20 18:20:50] Директория скрипта (/var/www/loweviu_com_usr/data/www/loweviu.com): 0755
[2025-03-20 18:20:50] Директория БД (/var/www/loweviu_com_usr/data/www/loweviu.com/database): 0775
[2025-03-20 18:20:50] PHP работает под пользователем: loweviu_com_usr
[2025-03-20 18:20:50] PDO соединение успешно создано
[2025-03-20 18:25:27] Текущие права доступа:
[2025-03-20 18:25:27] Директория скрипта (/var/www/loweviu_com_usr/data/www/loweviu.com): 0755
[2025-03-20 18:25:27] Директория БД (/var/www/loweviu_com_usr/data/www/loweviu.com/database): 0775
[2025-03-20 18:25:27] PHP работает под пользователем: loweviu_com_usr
[2025-03-20 18:25:27] PDO соединение успешно создано
[2025-03-20 18:35:13] Текущие права доступа:
[2025-03-20 18:35:13] Директория скрипта (/var/www/loweviu_com_usr/data/www/loweviu.com): 0755
[2025-03-20 18:35:13] Директория БД (/var/www/loweviu_com_usr/data/www/loweviu.com/database): 0775
[2025-03-20 18:35:13] PHP работает под пользователем: loweviu_com_usr
[2025-03-20 18:35:13] PDO соединение успешно создано
[2025-03-20 19:35:36] Текущие права доступа:
[2025-03-20 19:35:36] Директория скрипта (/var/www/loweviu_com_usr/data/www/loweviu.com): 0755
[2025-03-20 19:35:36] Директория БД (/var/www/loweviu_com_usr/data/www/loweviu.com/database): 0775
[2025-03-20 19:35:36] PHP работает под пользователем: loweviu_com_usr
[2025-03-20 19:35:36] PDO соединение успешно создано
[2025-03-20 19:38:49] Текущие права доступа:
[2025-03-20 19:38:49] Директория скрипта (/var/www/loweviu_com_usr/data/www/loweviu.com): 0755
[2025-03-20 19:38:49] Директория БД (/var/www/loweviu_com_usr/data/www/loweviu.com/database): 0775
[2025-03-20 19:38:49] PHP работает под пользователем: loweviu_com_usr
[2025-03-20 19:38:49] PDO соединение успешно создано
[2025-03-20 19:40:16] Текущие права доступа:
[2025-03-20 19:40:16] Директория скрипта (/var/www/loweviu_com_usr/data/www/loweviu.com): 0755
[2025-03-20 19:40:16] Директория БД (/var/www/loweviu_com_usr/data/www/loweviu.com/database): 0775
[2025-03-20 19:40:16] PHP работает под пользователем: loweviu_com_usr
[2025-03-20 19:40:16] PDO соединение успешно создано
[2025-03-20 19:41:08] Текущие права доступа:
[2025-03-20 19:41:08] Директория скрипта (/var/www/loweviu_com_usr/data/www/loweviu.com): 0755
[2025-03-20 19:41:08] Директория БД (/var/www/loweviu_com_usr/data/www/loweviu.com/database): 0775
[2025-03-20 19:41:08] PHP работает под пользователем: loweviu_com_usr
[2025-03-20 19:41:08] PDO соединение успешно создано
[2025-03-20 19:41:44] Текущие права доступа:
[2025-03-20 19:41:44] Директория скрипта (/var/www/loweviu_com_usr/data/www/loweviu.com): 0755
[2025-03-20 19:41:44] Директория БД (/var/www/loweviu_com_usr/data/www/loweviu.com/database): 0775
[2025-03-20 19:41:44] PHP работает под пользователем: loweviu_com_usr
[2025-03-20 19:41:44] PDO соединение успешно создано
[2025-03-20 19:42:42] Текущие права доступа:
[2025-03-20 19:42:42] Директория скрипта (/var/www/loweviu_com_usr/data/www/loweviu.com): 0755
[2025-03-20 19:42:42] Директория БД (/var/www/loweviu_com_usr/data/www/loweviu.com/database): 0775
[2025-03-20 19:42:42] PHP работает под пользователем: loweviu_com_usr
[2025-03-20 19:42:42] PDO соединение успешно создано
[2025-03-20 19:45:10] Текущие права доступа:
[2025-03-20 19:45:10] Директория скрипта (/var/www/loweviu_com_usr/data/www/loweviu.com): 0755
[2025-03-20 19:45:10] Директория БД (/var/www/loweviu_com_usr/data/www/loweviu.com/database): 0775
[2025-03-20 19:45:10] PHP работает под пользователем: loweviu_com_usr
[2025-03-20 19:45:10] PDO соединение успешно создано
[2025-03-20 19:46:50] Текущие права доступа:
[2025-03-20 19:46:50] Директория скрипта (/var/www/loweviu_com_usr/data/www/loweviu.com): 0755
[2025-03-20 19:46:50] Директория БД (/var/www/loweviu_com_usr/data/www/loweviu.com/database): 0775
[2025-03-20 19:46:50] PHP работает под пользователем: loweviu_com_usr
[2025-03-20 19:46:50] PDO соединение успешно создано
[2025-03-20 19:49:29] Текущие права доступа:
[2025-03-20 19:49:29] Директория скрипта (/var/www/loweviu_com_usr/data/www/loweviu.com): 0755
[2025-03-20 19:49:29] Директория БД (/var/www/loweviu_com_usr/data/www/loweviu.com/database): 0775
[2025-03-20 19:49:29] PHP работает под пользователем: loweviu_com_usr
[2025-03-20 19:49:29] PDO соединение успешно создано
[2025-03-20 19:53:25] Текущие права доступа:
[2025-03-20 19:53:25] Директория скрипта (/var/www/loweviu_com_usr/data/www/loweviu.com): 0755
[2025-03-20 19:53:25] Директория БД (/var/www/loweviu_com_usr/data/www/loweviu.com/database): 0775
[2025-03-20 19:53:25] PHP работает под пользователем: loweviu_com_usr
[2025-03-20 19:53:25] Создаем файл базы данных...
[2025-03-20 19:53:25] Файл базы данных создан успешно
[2025-03-20 19:53:25] PDO соединение успешно создано
[2025-03-20 19:53:25] Таблица users создана
[2025-03-20 19:58:39] Текущие права доступа:
[2025-03-20 19:58:39] Директория скрипта (/var/www/loweviu_com_usr/data/www/loweviu.com): 0755
[2025-03-20 19:58:39] Директория БД (/var/www/loweviu_com_usr/data/www/loweviu.com/database): 0775
[2025-03-20 19:58:39] PHP работает под пользователем: loweviu_com_usr
[2025-03-20 19:58:39] PDO соединение успешно создано
[2025-03-20 20:01:34] Текущие права доступа:
[2025-03-20 20:01:34] Директория скрипта (/var/www/loweviu_com_usr/data/www/loweviu.com): 0755
[2025-03-20 20:01:34] Директория БД (/var/www/loweviu_com_usr/data/www/loweviu.com/database): 0775
[2025-03-20 20:01:34] PHP работает под пользователем: loweviu_com_usr
[2025-03-20 20:01:34] PDO соединение успешно создано
[2025-03-20 20:04:18] Текущие права доступа:
[2025-03-20 20:04:18] Директория скрипта (/var/www/loweviu_com_usr/data/www/loweviu.com): 0755
[2025-03-20 20:04:18] Директория БД (/var/www/loweviu_com_usr/data/www/loweviu.com/database): 0775
[2025-03-20 20:04:18] PHP работает под пользователем: loweviu_com_usr
[2025-03-20 20:04:18] PDO соединение успешно создано
[2025-03-20 20:08:36] Текущие права доступа:
[2025-03-20 20:08:36] Директория скрипта (/var/www/loweviu_com_usr/data/www/loweviu.com): 0755
[2025-03-20 20:08:36] Директория БД (/var/www/loweviu_com_usr/data/www/loweviu.com/database): 0775
[2025-03-20 20:08:36] PHP работает под пользователем: loweviu_com_usr
[2025-03-20 20:08:36] PDO соединение успешно создано
[2025-03-20 20:11:57] Текущие права доступа:
[2025-03-20 20:11:57] Директория скрипта (/var/www/loweviu_com_usr/data/www/loweviu.com): 0755
[2025-03-20 20:11:57] Директория БД (/var/www/loweviu_com_usr/data/www/loweviu.com/database): 0775
[2025-03-20 20:11:57] PHP работает под пользователем: loweviu_com_usr
[2025-03-20 20:11:57] PDO соединение успешно создано
